Namespace(batch_size=32, dataset='modelnet40', dropout=0.5, emb_dims=1024, epochs=250, eval=False, exp_name='dgcnn_1024', k=20, lr=0.001, model='dgcnn', model_path='', momentum=0.9, no_cuda=False, num_points=1024, seed=1, test_batch_size=16, use_sgd=True)
Using GPU : 0 from 1 devices
Namespace(batch_size=32, dataset='modelnet40', dropout=0.5, emb_dims=1024, epochs=250, eval=False, exp_name='dgcnn_1024', k=20, lr=0.001, model='dgcnn', model_path='', momentum=0.9, no_cuda=False, num_points=1024, seed=1, test_batch_size=16, use_sgd=True)
Using GPU : 0 from 1 devices
Namespace(batch_size=32, dataset='modelnet40', dropout=0.5, emb_dims=1024, epochs=250, eval=False, exp_name='dgcnn_1024', k=20, lr=0.001, model='dgcnn', model_path='', momentum=0.9, no_cuda=False, num_points=1024, seed=1, test_batch_size=16, use_sgd=True)
Using GPU : 0 from 1 devices
Train 0, loss: 2.793957, train acc: 0.433937, train avg acc: 0.257482
Train 0, loss: 11.121487, acc: 0.433937, avg acc: 0.257482, prec(macro): 0.279854, prec(weighted): 0.376495, recall(macro): 0.257482, recall(weighted): 0.433937, f1(macro): 0.248592, f1(weighted): 0.389812
Namespace(batch_size=32, dataset='modelnet40', dropout=0.5, emb_dims=1024, epochs=250, eval=False, exp_name='dgcnn_1024', k=20, lr=0.001, model='dgcnn', model_path='', momentum=0.9, no_cuda=False, num_points=1024, seed=1, test_batch_size=16, use_sgd=True)
Using GPU : 0 from 1 devices
Train 0, loss: 2.793957, acc: 0.433937, avg acc: 0.257482, prec(macro): 0.279854, prec(weighted): 0.376495, recall(macro): 0.257482, recall(weighted): 0.433937, f1(macro): 0.248592, f1(weighted): 0.389812
Train 0, loss: 11.121487, acc: 0.433937, avg acc: 0.257482, prec(macro): 0.279854, prec(weighted): 0.376495, recall(macro): 0.257482, recall(weighted): 0.433937, f1(macro): 0.248592, f1(weighted): 0.389812
Train 1, loss: 2.203906, acc: 0.634365, avg acc: 0.454304, prec(macro): 0.507014, prec(weighted): 0.599033, recall(macro): 0.454304, recall(weighted): 0.634365, f1(macro): 0.453808, f1(weighted): 0.601928
Train 1, loss: 8.772759, acc: 0.634365, avg acc: 0.454304, prec(macro): 0.507014, prec(weighted): 0.599033, recall(macro): 0.454304, recall(weighted): 0.634365, f1(macro): 0.453808, f1(weighted): 0.601928
Train 2, loss: 2.050108, acc: 0.704703, avg acc: 0.543973, prec(macro): 0.580993, prec(weighted): 0.678567, recall(macro): 0.543973, recall(weighted): 0.704703, f1(macro): 0.548527, f1(weighted): 0.683492
Train 2, loss: 8.160561, acc: 0.704703, avg acc: 0.543973, prec(macro): 0.580993, prec(weighted): 0.678567, recall(macro): 0.543973, recall(weighted): 0.704703, f1(macro): 0.548527, f1(weighted): 0.683492
Train 3, loss: 1.951211, acc: 0.743893, avg acc: 0.607729, prec(macro): 0.647751, prec(weighted): 0.727600, recall(macro): 0.607729, recall(weighted): 0.743893, f1(macro): 0.616829, f1(weighted): 0.729835
Train 3, loss: 7.766895, acc: 0.743893, avg acc: 0.607729, prec(macro): 0.647751, prec(weighted): 0.727600, recall(macro): 0.607729, recall(weighted): 0.743893, f1(macro): 0.616829, f1(weighted): 0.729835
Train 4, loss: 1.895633, acc: 0.771682, avg acc: 0.648555, prec(macro): 0.687151, prec(weighted): 0.757389, recall(macro): 0.648555, recall(weighted): 0.771682, f1(macro): 0.658482, f1(weighted): 0.759501
Namespace(batch_size=32, dataset='modelnet40', dropout=0.5, emb_dims=1024, epochs=250, eval=False, exp_name='dgcnn_1024', k=20, lr=0.001, model='dgcnn', model_path='', momentum=0.9, no_cuda=False, num_points=1024, seed=1, test_batch_size=16, use_sgd=True)
Using GPU : 0 from 1 devices
Train 0, loss: 2.793957, acc: 0.433937, avg acc: 0.257482, prec(macro): 0.279854, prec(weighted): 0.376495, recall(macro): 0.257482, recall(weighted): 0.433937, f1(macro): 0.248592, f1(weighted): 0.389812
Train 0, loss: 11.121487, acc: 0.433937, avg acc: 0.257482, prec(macro): 0.279854, prec(weighted): 0.376495, recall(macro): 0.257482, recall(weighted): 0.433937, f1(macro): 0.248592, f1(weighted): 0.389812
Train 1, loss: 2.203906, acc: 0.634365, avg acc: 0.454304, prec(macro): 0.507014, prec(weighted): 0.599033, recall(macro): 0.454304, recall(weighted): 0.634365, f1(macro): 0.453808, f1(weighted): 0.601928
Train 1, loss: 8.772759, acc: 0.634365, avg acc: 0.454304, prec(macro): 0.507014, prec(weighted): 0.599033, recall(macro): 0.454304, recall(weighted): 0.634365, f1(macro): 0.453808, f1(weighted): 0.601928
Train 2, loss: 2.050108, acc: 0.704703, avg acc: 0.543973, prec(macro): 0.580993, prec(weighted): 0.678567, recall(macro): 0.543973, recall(weighted): 0.704703, f1(macro): 0.548527, f1(weighted): 0.683492
Train 2, loss: 8.160561, acc: 0.704703, avg acc: 0.543973, prec(macro): 0.580993, prec(weighted): 0.678567, recall(macro): 0.543973, recall(weighted): 0.704703, f1(macro): 0.548527, f1(weighted): 0.683492
Train 3, loss: 1.951211, acc: 0.743893, avg acc: 0.607729, prec(macro): 0.647751, prec(weighted): 0.727600, recall(macro): 0.607729, recall(weighted): 0.743893, f1(macro): 0.616829, f1(weighted): 0.729835
Train 3, loss: 7.766895, acc: 0.743893, avg acc: 0.607729, prec(macro): 0.647751, prec(weighted): 0.727600, recall(macro): 0.607729, recall(weighted): 0.743893, f1(macro): 0.616829, f1(weighted): 0.729835
Train 4, loss: 1.895633, acc: 0.771682, avg acc: 0.648555, prec(macro): 0.687151, prec(weighted): 0.757389, recall(macro): 0.648555, recall(weighted): 0.771682, f1(macro): 0.658482, f1(weighted): 0.759501
Train 4, loss: 7.545665, acc: 0.771682, avg acc: 0.648555, prec(macro): 0.687151, prec(weighted): 0.757389, recall(macro): 0.648555, recall(weighted): 0.771682, f1(macro): 0.658482, f1(weighted): 0.759501
Train 5, loss: 1.854577, acc: 0.785729, avg acc: 0.671319, prec(macro): 0.705332, prec(weighted): 0.772886, recall(macro): 0.671319, recall(weighted): 0.785729, f1(macro): 0.680430, f1(weighted): 0.775058
Train 5, loss: 7.382240, acc: 0.785729, avg acc: 0.671319, prec(macro): 0.705332, prec(weighted): 0.772886, recall(macro): 0.671319, recall(weighted): 0.785729, f1(macro): 0.680430, f1(weighted): 0.775058
Train 6, loss: 1.813977, acc: 0.805273, avg acc: 0.694576, prec(macro): 0.725857, prec(weighted): 0.792077, recall(macro): 0.694576, recall(weighted): 0.805273, f1(macro): 0.703128, f1(weighted): 0.794783
Train 6, loss: 7.220629, acc: 0.805273, avg acc: 0.694576, prec(macro): 0.725857, prec(weighted): 0.792077, recall(macro): 0.694576, recall(weighted): 0.805273, f1(macro): 0.703128, f1(weighted): 0.794783
Train 7, loss: 1.788692, acc: 0.817691, avg acc: 0.714423, prec(macro): 0.743840, prec(weighted): 0.806181, recall(macro): 0.714423, recall(weighted): 0.817691, f1(macro): 0.722796, f1(weighted): 0.808377
Train 7, loss: 7.119980, acc: 0.817691, avg acc: 0.714423, prec(macro): 0.743840, prec(weighted): 0.806181, recall(macro): 0.714423, recall(weighted): 0.817691, f1(macro): 0.722796, f1(weighted): 0.808377
Train 8, loss: 1.762083, acc: 0.827260, avg acc: 0.733273, prec(macro): 0.757124, prec(weighted): 0.817859, recall(macro): 0.733273, recall(weighted): 0.827260, f1(macro): 0.740329, f1(weighted): 0.819799
Train 8, loss: 7.014060, acc: 0.827260, avg acc: 0.733273, prec(macro): 0.757124, prec(weighted): 0.817859, recall(macro): 0.733273, recall(weighted): 0.827260, f1(macro): 0.740329, f1(weighted): 0.819799
Train 9, loss: 1.742969, acc: 0.833265, avg acc: 0.738951, prec(macro): 0.762923, prec(weighted): 0.823758, recall(macro): 0.738951, recall(weighted): 0.833265, f1(macro): 0.746592, f1(weighted): 0.825916
Train 9, loss: 6.937976, acc: 0.833265, avg acc: 0.738951, prec(macro): 0.762923, prec(weighted): 0.823758, recall(macro): 0.738951, recall(weighted): 0.833265, f1(macro): 0.746592, f1(weighted): 0.825916
Train 10, loss: 1.723193, acc: 0.842427, avg acc: 0.754073, prec(macro): 0.781476, prec(weighted): 0.834782, recall(macro): 0.754073, recall(weighted): 0.842427, f1(macro): 0.763217, f1(weighted): 0.835891
Train 10, loss: 6.859258, acc: 0.842427, avg acc: 0.754073, prec(macro): 0.781476, prec(weighted): 0.834782, recall(macro): 0.754073, recall(weighted): 0.842427, f1(macro): 0.763217, f1(weighted): 0.835891
Train 11, loss: 1.710028, acc: 0.849654, avg acc: 0.766030, prec(macro): 0.787494, prec(weighted): 0.841369, recall(macro): 0.766030, recall(weighted): 0.849654, f1(macro): 0.773079, f1(weighted): 0.843304
Train 11, loss: 6.806853, acc: 0.849654, avg acc: 0.766030, prec(macro): 0.787494, prec(weighted): 0.841369, recall(macro): 0.766030, recall(weighted): 0.849654, f1(macro): 0.773079, f1(weighted): 0.843304
Train 12, loss: 1.703890, acc: 0.851588, avg acc: 0.768953, prec(macro): 0.789404, prec(weighted): 0.843682, recall(macro): 0.768953, recall(weighted): 0.851588, f1(macro): 0.774991, f1(weighted): 0.845179
Train 12, loss: 6.782421, acc: 0.851588, avg acc: 0.768953, prec(macro): 0.789404, prec(weighted): 0.843682, recall(macro): 0.768953, recall(weighted): 0.851588, f1(macro): 0.774991, f1(weighted): 0.845179
Train 13, loss: 1.692172, acc: 0.854235, avg acc: 0.770345, prec(macro): 0.788702, prec(weighted): 0.846367, recall(macro): 0.770345, recall(weighted): 0.854235, f1(macro): 0.776136, f1(weighted): 0.848179
Train 13, loss: 6.735776, acc: 0.854235, avg acc: 0.770345, prec(macro): 0.788702, prec(weighted): 0.846367, recall(macro): 0.770345, recall(weighted): 0.854235, f1(macro): 0.776136, f1(weighted): 0.848179
Train 14, loss: 1.684069, acc: 0.862785, avg acc: 0.783212, prec(macro): 0.805447, prec(weighted): 0.855415, recall(macro): 0.783212, recall(weighted): 0.862785, f1(macro): 0.790747, f1(weighted): 0.856970
Train 14, loss: 6.703523, acc: 0.862785, avg acc: 0.783212, prec(macro): 0.805447, prec(weighted): 0.855415, recall(macro): 0.783212, recall(weighted): 0.862785, f1(macro): 0.790747, f1(weighted): 0.856970
Train 15, loss: 1.679713, acc: 0.861462, avg acc: 0.787131, prec(macro): 0.807376, prec(weighted): 0.855100, recall(macro): 0.787131, recall(weighted): 0.861462, f1(macro): 0.794294, f1(weighted): 0.856413
Train 15, loss: 6.686184, acc: 0.861462, avg acc: 0.787131, prec(macro): 0.807376, prec(weighted): 0.855100, recall(macro): 0.787131, recall(weighted): 0.861462, f1(macro): 0.794294, f1(weighted): 0.856413
Train 16, loss: 1.660483, acc: 0.869198, avg acc: 0.797212, prec(macro): 0.815957, prec(weighted): 0.863316, recall(macro): 0.797212, recall(weighted): 0.869198, f1(macro): 0.804128, f1(weighted): 0.864746
Train 16, loss: 6.609636, acc: 0.869198, avg acc: 0.797212, prec(macro): 0.815957, prec(weighted): 0.863316, recall(macro): 0.797212, recall(weighted): 0.869198, f1(macro): 0.804128, f1(weighted): 0.864746
Train 17, loss: 1.653196, acc: 0.872150, avg acc: 0.801938, prec(macro): 0.821812, prec(weighted): 0.866147, recall(macro): 0.801938, recall(weighted): 0.872150, f1(macro): 0.808983, f1(weighted): 0.867344
Train 17, loss: 6.580629, acc: 0.872150, avg acc: 0.801938, prec(macro): 0.821812, prec(weighted): 0.866147, recall(macro): 0.801938, recall(weighted): 0.872150, f1(macro): 0.808983, f1(weighted): 0.867344
Train 18, loss: 1.648919, acc: 0.872659, avg acc: 0.801680, prec(macro): 0.820342, prec(weighted): 0.865827, recall(macro): 0.801680, recall(weighted): 0.872659, f1(macro): 0.808513, f1(weighted): 0.867631
Train 18, loss: 6.563606, acc: 0.872659, avg acc: 0.801680, prec(macro): 0.820342, prec(weighted): 0.865827, recall(macro): 0.801680, recall(weighted): 0.872659, f1(macro): 0.808513, f1(weighted): 0.867631
Train 19, loss: 1.646764, acc: 0.875611, avg acc: 0.805694, prec(macro): 0.825636, prec(weighted): 0.870186, recall(macro): 0.805694, recall(weighted): 0.875611, f1(macro): 0.812743, f1(weighted): 0.871029
Train 19, loss: 6.555027, acc: 0.875611, avg acc: 0.805694, prec(macro): 0.825636, prec(weighted): 0.870186, recall(macro): 0.805694, recall(weighted): 0.875611, f1(macro): 0.812743, f1(weighted): 0.871029
Train 20, loss: 1.630248, acc: 0.882024, avg acc: 0.818360, prec(macro): 0.834479, prec(weighted): 0.877435, recall(macro): 0.818360, recall(weighted): 0.882024, f1(macro): 0.823680, f1(weighted): 0.878008
Train 20, loss: 6.489287, acc: 0.882024, avg acc: 0.818360, prec(macro): 0.834479, prec(weighted): 0.877435, recall(macro): 0.818360, recall(weighted): 0.882024, f1(macro): 0.823680, f1(weighted): 0.878008
Train 21, loss: 1.632371, acc: 0.880090, avg acc: 0.815672, prec(macro): 0.834219, prec(weighted): 0.875393, recall(macro): 0.815672, recall(weighted): 0.880090, f1(macro): 0.822805, f1(weighted): 0.876359
Train 21, loss: 6.497737, acc: 0.880090, avg acc: 0.815672, prec(macro): 0.834219, prec(weighted): 0.875393, recall(macro): 0.815672, recall(weighted): 0.880090, f1(macro): 0.822805, f1(weighted): 0.876359
Train 22, loss: 1.628379, acc: 0.879784, avg acc: 0.815188, prec(macro): 0.837986, prec(weighted): 0.876010, recall(macro): 0.815188, recall(weighted): 0.879784, f1(macro): 0.823909, f1(weighted): 0.876118
Train 22, loss: 6.481847, acc: 0.879784, avg acc: 0.815188, prec(macro): 0.837986, prec(weighted): 0.876010, recall(macro): 0.815188, recall(weighted): 0.879784, f1(macro): 0.823909, f1(weighted): 0.876118
Train 23, loss: 1.622930, acc: 0.881922, avg acc: 0.818469, prec(macro): 0.832072, prec(weighted): 0.876173, recall(macro): 0.818469, recall(weighted): 0.881922, f1(macro): 0.822955, f1(weighted): 0.877623
Train 23, loss: 6.460155, acc: 0.881922, avg acc: 0.818469, prec(macro): 0.832072, prec(weighted): 0.876173, recall(macro): 0.818469, recall(weighted): 0.881922, f1(macro): 0.822955, f1(weighted): 0.877623
Train 24, loss: 1.615467, acc: 0.893119, avg acc: 0.833737, prec(macro): 0.849173, prec(weighted): 0.888857, recall(macro): 0.833737, recall(weighted): 0.893119, f1(macro): 0.838845, f1(weighted): 0.889331
Train 24, loss: 6.430450, acc: 0.893119, avg acc: 0.833737, prec(macro): 0.849173, prec(weighted): 0.888857, recall(macro): 0.833737, recall(weighted): 0.893119, f1(macro): 0.838845, f1(weighted): 0.889331
Train 25, loss: 1.613921, acc: 0.890574, avg acc: 0.829398, prec(macro): 0.847261, prec(weighted): 0.886048, recall(macro): 0.829398, recall(weighted): 0.890574, f1(macro): 0.836400, f1(weighted): 0.887043
Train 25, loss: 6.424294, acc: 0.890574, avg acc: 0.829398, prec(macro): 0.847261, prec(weighted): 0.886048, recall(macro): 0.829398, recall(weighted): 0.890574, f1(macro): 0.836400, f1(weighted): 0.887043
Train 26, loss: 1.615373, acc: 0.887419, avg acc: 0.826166, prec(macro): 0.845110, prec(weighted): 0.883279, recall(macro): 0.826166, recall(weighted): 0.887419, f1(macro): 0.833330, f1(weighted): 0.883959
Train 26, loss: 6.430075, acc: 0.887419, avg acc: 0.826166, prec(macro): 0.845110, prec(weighted): 0.883279, recall(macro): 0.826166, recall(weighted): 0.887419, f1(macro): 0.833330, f1(weighted): 0.883959
Train 27, loss: 1.610752, acc: 0.889556, avg acc: 0.829648, prec(macro): 0.844597, prec(weighted): 0.885022, recall(macro): 0.829648, recall(weighted): 0.889556, f1(macro): 0.834671, f1(weighted): 0.885726
Train 27, loss: 6.411680, acc: 0.889556, avg acc: 0.829648, prec(macro): 0.844597, prec(weighted): 0.885022, recall(macro): 0.829648, recall(weighted): 0.889556, f1(macro): 0.834671, f1(weighted): 0.885726
Train 28, loss: 1.596686, acc: 0.897496, avg acc: 0.840373, prec(macro): 0.856999, prec(weighted): 0.893141, recall(macro): 0.840373, recall(weighted): 0.897496, f1(macro): 0.846215, f1(weighted): 0.893694
Train 28, loss: 6.355690, acc: 0.897496, avg acc: 0.840373, prec(macro): 0.856999, prec(weighted): 0.893141, recall(macro): 0.840373, recall(weighted): 0.897496, f1(macro): 0.846215, f1(weighted): 0.893694
Train 29, loss: 1.598236, acc: 0.894340, avg acc: 0.838605, prec(macro): 0.854363, prec(weighted): 0.890097, recall(macro): 0.838605, recall(weighted): 0.894340, f1(macro): 0.844442, f1(weighted): 0.890894
Train 29, loss: 6.361859, acc: 0.894340, avg acc: 0.838605, prec(macro): 0.854363, prec(weighted): 0.890097, recall(macro): 0.838605, recall(weighted): 0.894340, f1(macro): 0.844442, f1(weighted): 0.890894
Train 30, loss: 1.601837, acc: 0.890879, avg acc: 0.828801, prec(macro): 0.845848, prec(weighted): 0.885990, recall(macro): 0.828801, recall(weighted): 0.890879, f1(macro): 0.834522, f1(weighted): 0.886642
Train 30, loss: 6.376193, acc: 0.890879, avg acc: 0.828801, prec(macro): 0.845848, prec(weighted): 0.885990, recall(macro): 0.828801, recall(weighted): 0.890879, f1(macro): 0.834522, f1(weighted): 0.886642
Train 31, loss: 1.586804, acc: 0.901262, avg acc: 0.844000, prec(macro): 0.864733, prec(weighted): 0.897683, recall(macro): 0.844000, recall(weighted): 0.901262, f1(macro): 0.852166, f1(weighted): 0.898070
Train 31, loss: 6.316353, acc: 0.901262, avg acc: 0.844000, prec(macro): 0.864733, prec(weighted): 0.897683, recall(macro): 0.844000, recall(weighted): 0.901262, f1(macro): 0.852166, f1(weighted): 0.898070
Train 32, loss: 1.592820, acc: 0.896783, avg acc: 0.840413, prec(macro): 0.857167, prec(weighted): 0.892713, recall(macro): 0.840413, recall(weighted): 0.896783, f1(macro): 0.846403, f1(weighted): 0.893228
Train 32, loss: 6.340301, acc: 0.896783, avg acc: 0.840413, prec(macro): 0.857167, prec(weighted): 0.892713, recall(macro): 0.840413, recall(weighted): 0.896783, f1(macro): 0.846403, f1(weighted): 0.893228
Train 33, loss: 1.584155, acc: 0.901059, avg acc: 0.844969, prec(macro): 0.859587, prec(weighted): 0.897042, recall(macro): 0.844969, recall(weighted): 0.901059, f1(macro): 0.850150, f1(weighted): 0.897621
Train 33, loss: 6.305809, acc: 0.901059, avg acc: 0.844969, prec(macro): 0.859587, prec(weighted): 0.897042, recall(macro): 0.844969, recall(weighted): 0.901059, f1(macro): 0.850150, f1(weighted): 0.897621
Train 34, loss: 1.577343, acc: 0.905843, avg acc: 0.853754, prec(macro): 0.869954, prec(weighted): 0.901822, recall(macro): 0.853754, recall(weighted): 0.905843, f1(macro): 0.859652, f1(weighted): 0.902335
Train 34, loss: 6.278694, acc: 0.905843, avg acc: 0.853754, prec(macro): 0.869954, prec(weighted): 0.901822, recall(macro): 0.853754, recall(weighted): 0.905843, f1(macro): 0.859652, f1(weighted): 0.902335
Train 35, loss: 1.580847, acc: 0.902891, avg acc: 0.849985, prec(macro): 0.867685, prec(weighted): 0.899788, recall(macro): 0.849985, recall(weighted): 0.902891, f1(macro): 0.856639, f1(weighted): 0.899960
Train 35, loss: 6.292641, acc: 0.902891, avg acc: 0.849985, prec(macro): 0.867685, prec(weighted): 0.899788, recall(macro): 0.849985, recall(weighted): 0.902891, f1(macro): 0.856639, f1(weighted): 0.899960
Train 36, loss: 1.580706, acc: 0.904927, avg acc: 0.850803, prec(macro): 0.868674, prec(weighted): 0.901319, recall(macro): 0.850803, recall(weighted): 0.904927, f1(macro): 0.857668, f1(weighted): 0.901757
Train 36, loss: 6.292080, acc: 0.904927, avg acc: 0.850803, prec(macro): 0.868674, prec(weighted): 0.901319, recall(macro): 0.850803, recall(weighted): 0.904927, f1(macro): 0.857668, f1(weighted): 0.901757
Train 37, loss: 1.579243, acc: 0.902280, avg acc: 0.851165, prec(macro): 0.868081, prec(weighted): 0.898988, recall(macro): 0.851165, recall(weighted): 0.902280, f1(macro): 0.857442, f1(weighted): 0.899166
Train 37, loss: 6.286256, acc: 0.902280, avg acc: 0.851165, prec(macro): 0.868081, prec(weighted): 0.898988, recall(macro): 0.851165, recall(weighted): 0.902280, f1(macro): 0.857442, f1(weighted): 0.899166
Train 38, loss: 1.573810, acc: 0.903298, avg acc: 0.848119, prec(macro): 0.865752, prec(weighted): 0.899613, recall(macro): 0.848119, recall(weighted): 0.903298, f1(macro): 0.854580, f1(weighted): 0.899988
Train 38, loss: 6.264633, acc: 0.903298, avg acc: 0.848119, prec(macro): 0.865752, prec(weighted): 0.899613, recall(macro): 0.848119, recall(weighted): 0.903298, f1(macro): 0.854580, f1(weighted): 0.899988
Train 39, loss: 1.569323, acc: 0.907573, avg acc: 0.856500, prec(macro): 0.872180, prec(weighted): 0.904170, recall(macro): 0.856500, recall(weighted): 0.907573, f1(macro): 0.862355, f1(weighted): 0.904565
Train 39, loss: 6.246771, acc: 0.907573, avg acc: 0.856500, prec(macro): 0.872180, prec(weighted): 0.904170, recall(macro): 0.856500, recall(weighted): 0.907573, f1(macro): 0.862355, f1(weighted): 0.904565
Train 40, loss: 1.574336, acc: 0.905130, avg acc: 0.853975, prec(macro): 0.870048, prec(weighted): 0.902546, recall(macro): 0.853975, recall(weighted): 0.905130, f1(macro): 0.860146, f1(weighted): 0.902621
Train 40, loss: 6.266724, acc: 0.905130, avg acc: 0.853975, prec(macro): 0.870048, prec(weighted): 0.902546, recall(macro): 0.853975, recall(weighted): 0.905130, f1(macro): 0.860146, f1(weighted): 0.902621
Train 41, loss: 1.570440, acc: 0.903705, avg acc: 0.855382, prec(macro): 0.868738, prec(weighted): 0.900472, recall(macro): 0.855382, recall(weighted): 0.903705, f1(macro): 0.860130, f1(weighted): 0.900887
Train 41, loss: 6.251216, acc: 0.903705, avg acc: 0.855382, prec(macro): 0.868738, prec(weighted): 0.900472, recall(macro): 0.855382, recall(weighted): 0.903705, f1(macro): 0.860130, f1(weighted): 0.900887
Train 42, loss: 1.561516, acc: 0.911950, avg acc: 0.862391, prec(macro): 0.875218, prec(weighted): 0.909040, recall(macro): 0.862391, recall(weighted): 0.911950, f1(macro): 0.866297, f1(weighted): 0.908920
Train 42, loss: 6.215693, acc: 0.911950, avg acc: 0.862391, prec(macro): 0.875218, prec(weighted): 0.909040, recall(macro): 0.862391, recall(weighted): 0.911950, f1(macro): 0.866297, f1(weighted): 0.908920
Train 43, loss: 1.569528, acc: 0.904316, avg acc: 0.852148, prec(macro): 0.867788, prec(weighted): 0.901165, recall(macro): 0.852148, recall(weighted): 0.904316, f1(macro): 0.857880, f1(weighted): 0.901374
Train 43, loss: 6.247585, acc: 0.904316, avg acc: 0.852148, prec(macro): 0.867788, prec(weighted): 0.901165, recall(macro): 0.852148, recall(weighted): 0.904316, f1(macro): 0.857880, f1(weighted): 0.901374
Train 44, loss: 1.562284, acc: 0.906657, avg acc: 0.856143, prec(macro): 0.873227, prec(weighted): 0.903917, recall(macro): 0.856143, recall(weighted): 0.906657, f1(macro): 0.862418, f1(weighted): 0.903732
Train 44, loss: 6.218752, acc: 0.906657, avg acc: 0.856143, prec(macro): 0.873227, prec(weighted): 0.903917, recall(macro): 0.856143, recall(weighted): 0.906657, f1(macro): 0.862418, f1(weighted): 0.903732
Train 45, loss: 1.560629, acc: 0.910729, avg acc: 0.861913, prec(macro): 0.874610, prec(weighted): 0.907484, recall(macro): 0.861913, recall(weighted): 0.910729, f1(macro): 0.866395, f1(weighted): 0.907915
Train 45, loss: 6.212164, acc: 0.910729, avg acc: 0.861913, prec(macro): 0.874610, prec(weighted): 0.907484, recall(macro): 0.861913, recall(weighted): 0.910729, f1(macro): 0.866395, f1(weighted): 0.907915
Train 46, loss: 1.554220, acc: 0.913477, avg acc: 0.865166, prec(macro): 0.880969, prec(weighted): 0.910607, recall(macro): 0.865166, recall(weighted): 0.913477, f1(macro): 0.871266, f1(weighted): 0.910944
Train 46, loss: 6.186653, acc: 0.913477, avg acc: 0.865166, prec(macro): 0.880969, prec(weighted): 0.910607, recall(macro): 0.865166, recall(weighted): 0.913477, f1(macro): 0.871266, f1(weighted): 0.910944
Train 47, loss: 1.556582, acc: 0.908795, avg acc: 0.857833, prec(macro): 0.871623, prec(weighted): 0.906084, recall(macro): 0.857833, recall(weighted): 0.908795, f1(macro): 0.862995, f1(weighted): 0.906315
Train 47, loss: 6.196055, acc: 0.908795, avg acc: 0.857833, prec(macro): 0.871623, prec(weighted): 0.906084, recall(macro): 0.857833, recall(weighted): 0.908795, f1(macro): 0.862995, f1(weighted): 0.906315
Train 48, loss: 1.548697, acc: 0.913375, avg acc: 0.866028, prec(macro): 0.881046, prec(weighted): 0.910805, recall(macro): 0.866028, recall(weighted): 0.913375, f1(macro): 0.872299, f1(weighted): 0.911254
Train 48, loss: 6.164666, acc: 0.913375, avg acc: 0.866028, prec(macro): 0.881046, prec(weighted): 0.910805, recall(macro): 0.866028, recall(weighted): 0.913375, f1(macro): 0.872299, f1(weighted): 0.911254
Train 49, loss: 1.551930, acc: 0.914292, avg acc: 0.868759, prec(macro): 0.884159, prec(weighted): 0.911931, recall(macro): 0.868759, recall(weighted): 0.914292, f1(macro): 0.874299, f1(weighted): 0.911679
Train 49, loss: 6.177535, acc: 0.914292, avg acc: 0.868759, prec(macro): 0.884159, prec(weighted): 0.911931, recall(macro): 0.868759, recall(weighted): 0.914292, f1(macro): 0.874299, f1(weighted): 0.911679
Train 50, loss: 1.553719, acc: 0.912459, avg acc: 0.866981, prec(macro): 0.880348, prec(weighted): 0.909257, recall(macro): 0.866981, recall(weighted): 0.912459, f1(macro): 0.871300, f1(weighted): 0.909333
Train 50, loss: 6.184659, acc: 0.912459, avg acc: 0.866981, prec(macro): 0.880348, prec(weighted): 0.909257, recall(macro): 0.866981, recall(weighted): 0.912459, f1(macro): 0.871300, f1(weighted): 0.909333
Train 51, loss: 1.548203, acc: 0.912357, avg acc: 0.864463, prec(macro): 0.879917, prec(weighted): 0.909681, recall(macro): 0.864463, recall(weighted): 0.912357, f1(macro): 0.870669, f1(weighted): 0.910008
Train 51, loss: 6.162702, acc: 0.912357, avg acc: 0.864463, prec(macro): 0.879917, prec(weighted): 0.909681, recall(macro): 0.864463, recall(weighted): 0.912357, f1(macro): 0.870669, f1(weighted): 0.910008
Train 52, loss: 1.543999, acc: 0.914800, avg acc: 0.867953, prec(macro): 0.885054, prec(weighted): 0.912218, recall(macro): 0.867953, recall(weighted): 0.914800, f1(macro): 0.874638, f1(weighted): 0.912261
Train 52, loss: 6.145967, acc: 0.914800, avg acc: 0.867953, prec(macro): 0.885054, prec(weighted): 0.912218, recall(macro): 0.867953, recall(weighted): 0.914800, f1(macro): 0.874638, f1(weighted): 0.912261
Train 53, loss: 1.541148, acc: 0.917651, avg acc: 0.873585, prec(macro): 0.883467, prec(weighted): 0.914290, recall(macro): 0.873585, recall(weighted): 0.917651, f1(macro): 0.877295, f1(weighted): 0.915123
Train 53, loss: 6.134620, acc: 0.917651, avg acc: 0.873585, prec(macro): 0.883467, prec(weighted): 0.914290, recall(macro): 0.873585, recall(weighted): 0.917651, f1(macro): 0.877295, f1(weighted): 0.915123
Train 54, loss: 1.538797, acc: 0.918770, avg acc: 0.874595, prec(macro): 0.889315, prec(weighted): 0.916675, recall(macro): 0.874595, recall(weighted): 0.918770, f1(macro): 0.879948, f1(weighted): 0.916378
Train 54, loss: 6.125259, acc: 0.918770, avg acc: 0.874595, prec(macro): 0.889315, prec(weighted): 0.916675, recall(macro): 0.874595, recall(weighted): 0.918770, f1(macro): 0.879948, f1(weighted): 0.916378
Train 55, loss: 1.543184, acc: 0.917549, avg acc: 0.872031, prec(macro): 0.889327, prec(weighted): 0.915341, recall(macro): 0.872031, recall(weighted): 0.917549, f1(macro): 0.878945, f1(weighted): 0.915368
Train 55, loss: 6.142724, acc: 0.917549, avg acc: 0.872031, prec(macro): 0.889327, prec(weighted): 0.915341, recall(macro): 0.872031, recall(weighted): 0.917549, f1(macro): 0.878945, f1(weighted): 0.915368
Train 56, loss: 1.538825, acc: 0.914597, avg acc: 0.870365, prec(macro): 0.882564, prec(weighted): 0.912349, recall(macro): 0.870365, recall(weighted): 0.914597, f1(macro): 0.875283, f1(weighted): 0.912636
Train 56, loss: 6.125373, acc: 0.914597, avg acc: 0.870365, prec(macro): 0.882564, prec(weighted): 0.912349, recall(macro): 0.870365, recall(weighted): 0.914597, f1(macro): 0.875283, f1(weighted): 0.912636
Train 57, loss: 1.529405, acc: 0.923249, avg acc: 0.881094, prec(macro): 0.897157, prec(weighted): 0.920845, recall(macro): 0.881094, recall(weighted): 0.923249, f1(macro): 0.887156, f1(weighted): 0.920798
Train 57, loss: 6.087874, acc: 0.923249, avg acc: 0.881094, prec(macro): 0.897157, prec(weighted): 0.920845, recall(macro): 0.881094, recall(weighted): 0.923249, f1(macro): 0.887156, f1(weighted): 0.920798
Train 58, loss: 1.530221, acc: 0.919992, avg acc: 0.879132, prec(macro): 0.892655, prec(weighted): 0.918150, recall(macro): 0.879132, recall(weighted): 0.919992, f1(macro): 0.884198, f1(weighted): 0.917905
Train 58, loss: 6.091123, acc: 0.919992, avg acc: 0.879132, prec(macro): 0.892655, prec(weighted): 0.918150, recall(macro): 0.879132, recall(weighted): 0.919992, f1(macro): 0.884198, f1(weighted): 0.917905
Train 59, loss: 1.529836, acc: 0.918363, avg acc: 0.873500, prec(macro): 0.887041, prec(weighted): 0.915476, recall(macro): 0.873500, recall(weighted): 0.918363, f1(macro): 0.878867, f1(weighted): 0.915965
Train 59, loss: 6.089591, acc: 0.918363, avg acc: 0.873500, prec(macro): 0.887041, prec(weighted): 0.915476, recall(macro): 0.873500, recall(weighted): 0.918363, f1(macro): 0.878867, f1(weighted): 0.915965
Train 60, loss: 1.533183, acc: 0.920094, avg acc: 0.879758, prec(macro): 0.891624, prec(weighted): 0.918086, recall(macro): 0.879758, recall(weighted): 0.920094, f1(macro): 0.884312, f1(weighted): 0.918189
Train 60, loss: 6.102915, acc: 0.920094, avg acc: 0.879758, prec(macro): 0.891624, prec(weighted): 0.918086, recall(macro): 0.879758, recall(weighted): 0.920094, f1(macro): 0.884312, f1(weighted): 0.918189
Train 61, loss: 1.527781, acc: 0.922842, avg acc: 0.883313, prec(macro): 0.894600, prec(weighted): 0.919961, recall(macro): 0.883313, recall(weighted): 0.922842, f1(macro): 0.887055, f1(weighted): 0.920192
Train 61, loss: 6.081409, acc: 0.922842, avg acc: 0.883313, prec(macro): 0.894600, prec(weighted): 0.919961, recall(macro): 0.883313, recall(weighted): 0.922842, f1(macro): 0.887055, f1(weighted): 0.920192
Train 62, loss: 1.527631, acc: 0.922537, avg acc: 0.882391, prec(macro): 0.897216, prec(weighted): 0.920815, recall(macro): 0.882391, recall(weighted): 0.922537, f1(macro): 0.888565, f1(weighted): 0.920787
Train 62, loss: 6.080812, acc: 0.922537, avg acc: 0.882391, prec(macro): 0.897216, prec(weighted): 0.920815, recall(macro): 0.882391, recall(weighted): 0.922537, f1(macro): 0.888565, f1(weighted): 0.920787
Train 63, loss: 1.523212, acc: 0.925387, avg acc: 0.883737, prec(macro): 0.900310, prec(weighted): 0.923959, recall(macro): 0.883737, recall(weighted): 0.925387, f1(macro): 0.890065, f1(weighted): 0.923369
Train 63, loss: 6.063225, acc: 0.925387, avg acc: 0.883737, prec(macro): 0.900310, prec(weighted): 0.923959, recall(macro): 0.883737, recall(weighted): 0.925387, f1(macro): 0.890065, f1(weighted): 0.923369
Train 64, loss: 1.526524, acc: 0.920297, avg acc: 0.877133, prec(macro): 0.889877, prec(weighted): 0.916944, recall(macro): 0.877133, recall(weighted): 0.920297, f1(macro): 0.881723, f1(weighted): 0.917398
Train 64, loss: 6.076407, acc: 0.920297, avg acc: 0.877133, prec(macro): 0.889877, prec(weighted): 0.916944, recall(macro): 0.877133, recall(weighted): 0.920297, f1(macro): 0.881723, f1(weighted): 0.917398
Train 65, loss: 1.521273, acc: 0.926099, avg acc: 0.885261, prec(macro): 0.897719, prec(weighted): 0.924656, recall(macro): 0.885261, recall(weighted): 0.926099, f1(macro): 0.890524, f1(weighted): 0.924732
Train 65, loss: 6.055503, acc: 0.926099, avg acc: 0.885261, prec(macro): 0.897719, prec(weighted): 0.924656, recall(macro): 0.885261, recall(weighted): 0.926099, f1(macro): 0.890524, f1(weighted): 0.924732
Train 66, loss: 1.523871, acc: 0.922537, avg acc: 0.881616, prec(macro): 0.894563, prec(weighted): 0.920259, recall(macro): 0.881616, recall(weighted): 0.922537, f1(macro): 0.886649, f1(weighted): 0.920468
Train 66, loss: 6.065848, acc: 0.922537, avg acc: 0.881616, prec(macro): 0.894563, prec(weighted): 0.920259, recall(macro): 0.881616, recall(weighted): 0.922537, f1(macro): 0.886649, f1(weighted): 0.920468
Train 67, loss: 1.520428, acc: 0.926201, avg acc: 0.890993, prec(macro): 0.900578, prec(weighted): 0.924363, recall(macro): 0.890993, recall(weighted): 0.926201, f1(macro): 0.894166, f1(weighted): 0.924192
Train 67, loss: 6.052140, acc: 0.926201, avg acc: 0.890993, prec(macro): 0.900578, prec(weighted): 0.924363, recall(macro): 0.890993, recall(weighted): 0.926201, f1(macro): 0.894166, f1(weighted): 0.924192
Train 68, loss: 1.515327, acc: 0.929255, avg acc: 0.890349, prec(macro): 0.903759, prec(weighted): 0.927410, recall(macro): 0.890349, recall(weighted): 0.929255, f1(macro): 0.895801, f1(weighted): 0.927526
Train 68, loss: 6.031835, acc: 0.929255, avg acc: 0.890349, prec(macro): 0.903759, prec(weighted): 0.927410, recall(macro): 0.890349, recall(weighted): 0.929255, f1(macro): 0.895801, f1(weighted): 0.927526
Train 69, loss: 1.515600, acc: 0.927830, avg acc: 0.890253, prec(macro): 0.900969, prec(weighted): 0.925746, recall(macro): 0.890253, recall(weighted): 0.927830, f1(macro): 0.894241, f1(weighted): 0.925849
Train 69, loss: 6.032922, acc: 0.927830, avg acc: 0.890253, prec(macro): 0.900969, prec(weighted): 0.925746, recall(macro): 0.890253, recall(weighted): 0.927830, f1(macro): 0.894241, f1(weighted): 0.925849
Train 70, loss: 1.520416, acc: 0.925285, avg acc: 0.884543, prec(macro): 0.900601, prec(weighted): 0.922561, recall(macro): 0.884543, recall(weighted): 0.925285, f1(macro): 0.891018, f1(weighted): 0.922891
Train 70, loss: 6.052093, acc: 0.925285, avg acc: 0.884543, prec(macro): 0.900601, prec(weighted): 0.922561, recall(macro): 0.884543, recall(weighted): 0.925285, f1(macro): 0.891018, f1(weighted): 0.922891
Train 71, loss: 1.513498, acc: 0.927830, avg acc: 0.892150, prec(macro): 0.904536, prec(weighted): 0.925801, recall(macro): 0.892150, recall(weighted): 0.927830, f1(macro): 0.897129, f1(weighted): 0.926012
Train 71, loss: 6.024558, acc: 0.927830, avg acc: 0.892150, prec(macro): 0.904536, prec(weighted): 0.925801, recall(macro): 0.892150, recall(weighted): 0.927830, f1(macro): 0.897129, f1(weighted): 0.926012
Train 72, loss: 1.511743, acc: 0.927524, avg acc: 0.888161, prec(macro): 0.904446, prec(weighted): 0.925515, recall(macro): 0.888161, recall(weighted): 0.927524, f1(macro): 0.894866, f1(weighted): 0.925592
Train 72, loss: 6.017571, acc: 0.927524, avg acc: 0.888161, prec(macro): 0.904446, prec(weighted): 0.925515, recall(macro): 0.888161, recall(weighted): 0.927524, f1(macro): 0.894866, f1(weighted): 0.925592
Train 73, loss: 1.513318, acc: 0.926608, avg acc: 0.889580, prec(macro): 0.902501, prec(weighted): 0.924730, recall(macro): 0.889580, recall(weighted): 0.926608, f1(macro): 0.894344, f1(weighted): 0.924577
Train 73, loss: 6.023840, acc: 0.926608, avg acc: 0.889580, prec(macro): 0.902501, prec(weighted): 0.924730, recall(macro): 0.889580, recall(weighted): 0.926608, f1(macro): 0.894344, f1(weighted): 0.924577
Train 74, loss: 1.511011, acc: 0.929255, avg acc: 0.891782, prec(macro): 0.902092, prec(weighted): 0.927425, recall(macro): 0.891782, recall(weighted): 0.929255, f1(macro): 0.895214, f1(weighted): 0.927226
Train 74, loss: 6.014656, acc: 0.929255, avg acc: 0.891782, prec(macro): 0.902092, prec(weighted): 0.927425, recall(macro): 0.891782, recall(weighted): 0.929255, f1(macro): 0.895214, f1(weighted): 0.927226
Train 75, loss: 1.513256, acc: 0.925489, avg acc: 0.884657, prec(macro): 0.896654, prec(weighted): 0.923475, recall(macro): 0.884657, recall(weighted): 0.925489, f1(macro): 0.889791, f1(weighted): 0.923905
Train 75, loss: 6.023593, acc: 0.925489, avg acc: 0.884657, prec(macro): 0.896654, prec(weighted): 0.923475, recall(macro): 0.884657, recall(weighted): 0.925489, f1(macro): 0.889791, f1(weighted): 0.923905
Train 76, loss: 1.514399, acc: 0.925896, avg acc: 0.887860, prec(macro): 0.901216, prec(weighted): 0.924024, recall(macro): 0.887860, recall(weighted): 0.925896, f1(macro): 0.892503, f1(weighted): 0.923621
Train 76, loss: 6.028143, acc: 0.925896, avg acc: 0.887860, prec(macro): 0.901216, prec(weighted): 0.924024, recall(macro): 0.887860, recall(weighted): 0.925896, f1(macro): 0.892503, f1(weighted): 0.923621
Train 77, loss: 1.504168, acc: 0.931189, avg acc: 0.894395, prec(macro): 0.909936, prec(weighted): 0.929475, recall(macro): 0.894395, recall(weighted): 0.931189, f1(macro): 0.900718, f1(weighted): 0.929346
Train 77, loss: 5.987417, acc: 0.931189, avg acc: 0.894395, prec(macro): 0.909936, prec(weighted): 0.929475, recall(macro): 0.894395, recall(weighted): 0.931189, f1(macro): 0.900718, f1(weighted): 0.929346
Train 78, loss: 1.500383, acc: 0.933530, avg acc: 0.898294, prec(macro): 0.910507, prec(weighted): 0.931578, recall(macro): 0.898294, recall(weighted): 0.933530, f1(macro): 0.902882, f1(weighted): 0.931560
Train 78, loss: 5.972351, acc: 0.933530, avg acc: 0.898294, prec(macro): 0.910507, prec(weighted): 0.931578, recall(macro): 0.898294, recall(weighted): 0.933530, f1(macro): 0.902882, f1(weighted): 0.931560
Train 79, loss: 1.511717, acc: 0.929153, avg acc: 0.891382, prec(macro): 0.904979, prec(weighted): 0.926847, recall(macro): 0.891382, recall(weighted): 0.929153, f1(macro): 0.896374, f1(weighted): 0.926826
Train 79, loss: 6.017468, acc: 0.929153, avg acc: 0.891382, prec(macro): 0.904979, prec(weighted): 0.926847, recall(macro): 0.891382, recall(weighted): 0.929153, f1(macro): 0.896374, f1(weighted): 0.926826
Train 80, loss: 1.507135, acc: 0.930375, avg acc: 0.895698, prec(macro): 0.908539, prec(weighted): 0.928423, recall(macro): 0.895698, recall(weighted): 0.930375, f1(macro): 0.900980, f1(weighted): 0.928605
Train 80, loss: 5.999226, acc: 0.930375, avg acc: 0.895698, prec(macro): 0.908539, prec(weighted): 0.928423, recall(macro): 0.895698, recall(weighted): 0.930375, f1(macro): 0.900980, f1(weighted): 0.928605
Train 81, loss: 1.506022, acc: 0.929458, avg acc: 0.891134, prec(macro): 0.903721, prec(weighted): 0.927439, recall(macro): 0.891134, recall(weighted): 0.929458, f1(macro): 0.896046, f1(weighted): 0.927543
Train 81, loss: 5.994796, acc: 0.929458, avg acc: 0.891134, prec(macro): 0.903721, prec(weighted): 0.927439, recall(macro): 0.891134, recall(weighted): 0.929458, f1(macro): 0.896046, f1(weighted): 0.927543
Train 82, loss: 1.498150, acc: 0.932614, avg acc: 0.896479, prec(macro): 0.907516, prec(weighted): 0.930790, recall(macro): 0.896479, recall(weighted): 0.932614, f1(macro): 0.900661, f1(weighted): 0.930806
Train 82, loss: 5.963464, acc: 0.932614, avg acc: 0.896479, prec(macro): 0.907516, prec(weighted): 0.930790, recall(macro): 0.896479, recall(weighted): 0.932614, f1(macro): 0.900661, f1(weighted): 0.930806
Train 83, loss: 1.501323, acc: 0.930171, avg acc: 0.893158, prec(macro): 0.904401, prec(weighted): 0.928774, recall(macro): 0.893158, recall(weighted): 0.930171, f1(macro): 0.897506, f1(weighted): 0.928618
Train 83, loss: 5.976093, acc: 0.930171, avg acc: 0.893158, prec(macro): 0.904401, prec(weighted): 0.928774, recall(macro): 0.893158, recall(weighted): 0.930171, f1(macro): 0.897506, f1(weighted): 0.928618
Train 84, loss: 1.497493, acc: 0.933937, avg acc: 0.899675, prec(macro): 0.911169, prec(weighted): 0.931862, recall(macro): 0.899675, recall(weighted): 0.933937, f1(macro): 0.904005, f1(weighted): 0.931923
Train 84, loss: 5.960848, acc: 0.933937, avg acc: 0.899675, prec(macro): 0.911169, prec(weighted): 0.931862, recall(macro): 0.899675, recall(weighted): 0.933937, f1(macro): 0.904005, f1(weighted): 0.931923
Train 85, loss: 1.495333, acc: 0.933123, avg acc: 0.900355, prec(macro): 0.910086, prec(weighted): 0.930989, recall(macro): 0.900355, recall(weighted): 0.933123, f1(macro): 0.903763, f1(weighted): 0.931054
Train 85, loss: 5.952248, acc: 0.933123, avg acc: 0.900355, prec(macro): 0.910086, prec(weighted): 0.930989, recall(macro): 0.900355, recall(weighted): 0.933123, f1(macro): 0.903763, f1(weighted): 0.931054
Train 86, loss: 1.500266, acc: 0.928339, avg acc: 0.890517, prec(macro): 0.902140, prec(weighted): 0.926249, recall(macro): 0.890517, recall(weighted): 0.928339, f1(macro): 0.894731, f1(weighted): 0.926186
Train 86, loss: 5.971884, acc: 0.928339, avg acc: 0.890517, prec(macro): 0.902140, prec(weighted): 0.926249, recall(macro): 0.890517, recall(weighted): 0.928339, f1(macro): 0.894731, f1(weighted): 0.926186
Train 87, loss: 1.491992, acc: 0.935566, avg acc: 0.902822, prec(macro): 0.914310, prec(weighted): 0.934304, recall(macro): 0.902822, recall(weighted): 0.935566, f1(macro): 0.907217, f1(weighted): 0.933987
Train 87, loss: 5.938952, acc: 0.935566, avg acc: 0.902822, prec(macro): 0.914310, prec(weighted): 0.934304, recall(macro): 0.902822, recall(weighted): 0.935566, f1(macro): 0.907217, f1(weighted): 0.933987
Train 88, loss: 1.491213, acc: 0.935159, avg acc: 0.901172, prec(macro): 0.912648, prec(weighted): 0.933348, recall(macro): 0.901172, recall(weighted): 0.935159, f1(macro): 0.906172, f1(weighted): 0.933775
Train 88, loss: 5.935849, acc: 0.935159, avg acc: 0.901172, prec(macro): 0.912648, prec(weighted): 0.933348, recall(macro): 0.901172, recall(weighted): 0.935159, f1(macro): 0.906172, f1(weighted): 0.933775
Train 89, loss: 1.494656, acc: 0.933836, avg acc: 0.898430, prec(macro): 0.911468, prec(weighted): 0.932104, recall(macro): 0.898430, recall(weighted): 0.933836, f1(macro): 0.903393, f1(weighted): 0.932022
Train 89, loss: 5.949554, acc: 0.933836, avg acc: 0.898430, prec(macro): 0.911468, prec(weighted): 0.932104, recall(macro): 0.898430, recall(weighted): 0.933836, f1(macro): 0.903393, f1(weighted): 0.932022
Train 90, loss: 1.483247, acc: 0.939841, avg acc: 0.906521, prec(macro): 0.919288, prec(weighted): 0.938707, recall(macro): 0.906521, recall(weighted): 0.939841, f1(macro): 0.911705, f1(weighted): 0.938480
Train 90, loss: 5.904142, acc: 0.939841, avg acc: 0.906521, prec(macro): 0.919288, prec(weighted): 0.938707, recall(macro): 0.906521, recall(weighted): 0.939841, f1(macro): 0.911705, f1(weighted): 0.938480
Train 91, loss: 1.485671, acc: 0.938620, avg acc: 0.909072, prec(macro): 0.920621, prec(weighted): 0.937687, recall(macro): 0.909072, recall(weighted): 0.938620, f1(macro): 0.913853, f1(weighted): 0.937506
Train 91, loss: 5.913789, acc: 0.938620, avg acc: 0.909072, prec(macro): 0.920621, prec(weighted): 0.937687, recall(macro): 0.909072, recall(weighted): 0.938620, f1(macro): 0.913853, f1(weighted): 0.937506
Train 92, loss: 1.482481, acc: 0.940554, avg acc: 0.910393, prec(macro): 0.921416, prec(weighted): 0.939004, recall(macro): 0.910393, recall(weighted): 0.940554, f1(macro): 0.914729, f1(weighted): 0.939022
Train 92, loss: 5.901092, acc: 0.940554, avg acc: 0.910393, prec(macro): 0.921416, prec(weighted): 0.939004, recall(macro): 0.910393, recall(weighted): 0.940554, f1(macro): 0.914729, f1(weighted): 0.939022
Train 93, loss: 1.484594, acc: 0.938213, avg acc: 0.906468, prec(macro): 0.918124, prec(weighted): 0.936814, recall(macro): 0.906468, recall(weighted): 0.938213, f1(macro): 0.911210, f1(weighted): 0.936799
Train 93, loss: 5.909504, acc: 0.938213, avg acc: 0.906468, prec(macro): 0.918124, prec(weighted): 0.936814, recall(macro): 0.906468, recall(weighted): 0.938213, f1(macro): 0.911210, f1(weighted): 0.936799
Train 94, loss: 1.479053, acc: 0.942590, avg acc: 0.914226, prec(macro): 0.923829, prec(weighted): 0.941443, recall(macro): 0.914226, recall(weighted): 0.942590, f1(macro): 0.918241, f1(weighted): 0.941495
Train 94, loss: 5.887447, acc: 0.942590, avg acc: 0.914226, prec(macro): 0.923829, prec(weighted): 0.941443, recall(macro): 0.914226, recall(weighted): 0.942590, f1(macro): 0.918241, f1(weighted): 0.941495
Train 95, loss: 1.477282, acc: 0.941063, avg acc: 0.912675, prec(macro): 0.922344, prec(weighted): 0.940211, recall(macro): 0.912675, recall(weighted): 0.941063, f1(macro): 0.916377, f1(weighted): 0.939888
Train 95, loss: 5.880395, acc: 0.941063, avg acc: 0.912675, prec(macro): 0.922344, prec(weighted): 0.940211, recall(macro): 0.912675, recall(weighted): 0.941063, f1(macro): 0.916377, f1(weighted): 0.939888
Train 96, loss: 1.483524, acc: 0.939027, avg acc: 0.904406, prec(macro): 0.915960, prec(weighted): 0.937683, recall(macro): 0.904406, recall(weighted): 0.939027, f1(macro): 0.909107, f1(weighted): 0.937643
Train 96, loss: 5.905241, acc: 0.939027, avg acc: 0.904406, prec(macro): 0.915960, prec(weighted): 0.937683, recall(macro): 0.904406, recall(weighted): 0.939027, f1(macro): 0.909107, f1(weighted): 0.937643
Train 97, loss: 1.479550, acc: 0.941266, avg acc: 0.909818, prec(macro): 0.923182, prec(weighted): 0.940529, recall(macro): 0.909818, recall(weighted): 0.941266, f1(macro): 0.915374, f1(weighted): 0.940137
Train 97, loss: 5.889424, acc: 0.941266, avg acc: 0.909818, prec(macro): 0.923182, prec(weighted): 0.940529, recall(macro): 0.909818, recall(weighted): 0.941266, f1(macro): 0.915374, f1(weighted): 0.940137
Train 98, loss: 1.477113, acc: 0.941979, avg acc: 0.912398, prec(macro): 0.921465, prec(weighted): 0.940547, recall(macro): 0.912398, recall(weighted): 0.941979, f1(macro): 0.915948, f1(weighted): 0.940624
Train 98, loss: 5.879725, acc: 0.941979, avg acc: 0.912398, prec(macro): 0.921465, prec(weighted): 0.940547, recall(macro): 0.912398, recall(weighted): 0.941979, f1(macro): 0.915948, f1(weighted): 0.940624
Train 99, loss: 1.469100, acc: 0.944218, avg acc: 0.913416, prec(macro): 0.923493, prec(weighted): 0.943330, recall(macro): 0.913416, recall(weighted): 0.944218, f1(macro): 0.917302, f1(weighted): 0.943043
Train 99, loss: 5.847828, acc: 0.944218, avg acc: 0.913416, prec(macro): 0.923493, prec(weighted): 0.943330, recall(macro): 0.913416, recall(weighted): 0.944218, f1(macro): 0.917302, f1(weighted): 0.943043
Train 100, loss: 1.473416, acc: 0.941368, avg acc: 0.911608, prec(macro): 0.924900, prec(weighted): 0.940388, recall(macro): 0.911608, recall(weighted): 0.941368, f1(macro): 0.917280, f1(weighted): 0.940212
Train 100, loss: 5.865010, acc: 0.941368, avg acc: 0.911608, prec(macro): 0.924900, prec(weighted): 0.940388, recall(macro): 0.911608, recall(weighted): 0.941368, f1(macro): 0.917280, f1(weighted): 0.940212
Train 101, loss: 1.470671, acc: 0.946152, avg acc: 0.920968, prec(macro): 0.929302, prec(weighted): 0.945443, recall(macro): 0.920968, recall(weighted): 0.946152, f1(macro): 0.924118, f1(weighted): 0.945081
Train 101, loss: 5.854082, acc: 0.946152, avg acc: 0.920968, prec(macro): 0.929302, prec(weighted): 0.945443, recall(macro): 0.920968, recall(weighted): 0.946152, f1(macro): 0.924118, f1(weighted): 0.945081
Train 102, loss: 1.469544, acc: 0.942997, avg acc: 0.909244, prec(macro): 0.924080, prec(weighted): 0.941919, recall(macro): 0.909244, recall(weighted): 0.942997, f1(macro): 0.915633, f1(weighted): 0.941822
Train 102, loss: 5.849596, acc: 0.942997, avg acc: 0.909244, prec(macro): 0.924080, prec(weighted): 0.941919, recall(macro): 0.909244, recall(weighted): 0.942997, f1(macro): 0.915633, f1(weighted): 0.941822
Train 103, loss: 1.472755, acc: 0.941266, avg acc: 0.912746, prec(macro): 0.918708, prec(weighted): 0.939639, recall(macro): 0.912746, recall(weighted): 0.941266, f1(macro): 0.914889, f1(weighted): 0.939896
Train 103, loss: 5.862377, acc: 0.941266, avg acc: 0.912746, prec(macro): 0.918708, prec(weighted): 0.939639, recall(macro): 0.912746, recall(weighted): 0.941266, f1(macro): 0.914889, f1(weighted): 0.939896
Train 104, loss: 1.469873, acc: 0.945033, avg acc: 0.914482, prec(macro): 0.926386, prec(weighted): 0.943772, recall(macro): 0.914482, recall(weighted): 0.945033, f1(macro): 0.919306, f1(weighted): 0.943697
Train 104, loss: 5.850903, acc: 0.945033, avg acc: 0.914482, prec(macro): 0.926386, prec(weighted): 0.943772, recall(macro): 0.914482, recall(weighted): 0.945033, f1(macro): 0.919306, f1(weighted): 0.943697
Train 105, loss: 1.464736, acc: 0.946254, avg acc: 0.919116, prec(macro): 0.930181, prec(weighted): 0.945216, recall(macro): 0.919116, recall(weighted): 0.946254, f1(macro): 0.923625, f1(weighted): 0.945080
Train 105, loss: 5.830458, acc: 0.946254, avg acc: 0.919116, prec(macro): 0.930181, prec(weighted): 0.945216, recall(macro): 0.919116, recall(weighted): 0.946254, f1(macro): 0.923625, f1(weighted): 0.945080
Train 106, loss: 1.460994, acc: 0.947272, avg acc: 0.918952, prec(macro): 0.932256, prec(weighted): 0.946400, recall(macro): 0.918952, recall(weighted): 0.947272, f1(macro): 0.924840, f1(weighted): 0.946322
Train 106, loss: 5.815562, acc: 0.947272, avg acc: 0.918952, prec(macro): 0.932256, prec(weighted): 0.946400, recall(macro): 0.918952, recall(weighted): 0.947272, f1(macro): 0.924840, f1(weighted): 0.946322
Train 107, loss: 1.463767, acc: 0.947272, avg acc: 0.918544, prec(macro): 0.927700, prec(weighted): 0.946194, recall(macro): 0.918544, recall(weighted): 0.947272, f1(macro): 0.922160, f1(weighted): 0.946077
Train 107, loss: 5.826600, acc: 0.947272, avg acc: 0.918544, prec(macro): 0.927700, prec(weighted): 0.946194, recall(macro): 0.918544, recall(weighted): 0.947272, f1(macro): 0.922160, f1(weighted): 0.946077
Train 108, loss: 1.461955, acc: 0.946865, avg acc: 0.920134, prec(macro): 0.930819, prec(weighted): 0.945840, recall(macro): 0.920134, recall(weighted): 0.946865, f1(macro): 0.924689, f1(weighted): 0.945823
Train 108, loss: 5.819388, acc: 0.946865, avg acc: 0.920134, prec(macro): 0.930819, prec(weighted): 0.945840, recall(macro): 0.920134, recall(weighted): 0.946865, f1(macro): 0.924689, f1(weighted): 0.945823
Train 109, loss: 1.458746, acc: 0.949511, avg acc: 0.923059, prec(macro): 0.933041, prec(weighted): 0.948726, recall(macro): 0.923059, recall(weighted): 0.949511, f1(macro): 0.926757, f1(weighted): 0.948278
Train 109, loss: 5.806612, acc: 0.949511, avg acc: 0.923059, prec(macro): 0.933041, prec(weighted): 0.948726, recall(macro): 0.923059, recall(weighted): 0.949511, f1(macro): 0.926757, f1(weighted): 0.948278
Train 110, loss: 1.470144, acc: 0.944116, avg acc: 0.913910, prec(macro): 0.925491, prec(weighted): 0.943382, recall(macro): 0.913910, recall(weighted): 0.944116, f1(macro): 0.918529, f1(weighted): 0.942948
Train 110, loss: 5.851981, acc: 0.944116, avg acc: 0.913910, prec(macro): 0.925491, prec(weighted): 0.943382, recall(macro): 0.913910, recall(weighted): 0.944116, f1(macro): 0.918529, f1(weighted): 0.942948
Train 111, loss: 1.461320, acc: 0.946152, avg acc: 0.917569, prec(macro): 0.929252, prec(weighted): 0.945171, recall(macro): 0.917569, recall(weighted): 0.946152, f1(macro): 0.922556, f1(weighted): 0.945093
Train 111, loss: 5.816860, acc: 0.946152, avg acc: 0.917569, prec(macro): 0.929252, prec(weighted): 0.945171, recall(macro): 0.917569, recall(weighted): 0.946152, f1(macro): 0.922556, f1(weighted): 0.945093
Train 112, loss: 1.457017, acc: 0.952463, avg acc: 0.929069, prec(macro): 0.940976, prec(weighted): 0.951860, recall(macro): 0.929069, recall(weighted): 0.952463, f1(macro): 0.934260, f1(weighted): 0.951649
Train 112, loss: 5.799731, acc: 0.952463, avg acc: 0.929069, prec(macro): 0.940976, prec(weighted): 0.951860, recall(macro): 0.929069, recall(weighted): 0.952463, f1(macro): 0.934260, f1(weighted): 0.951649
Train 113, loss: 1.459713, acc: 0.948086, avg acc: 0.920629, prec(macro): 0.929275, prec(weighted): 0.947020, recall(macro): 0.920629, recall(weighted): 0.948086, f1(macro): 0.924074, f1(weighted): 0.946981
Train 113, loss: 5.810462, acc: 0.948086, avg acc: 0.920629, prec(macro): 0.929275, prec(weighted): 0.947020, recall(macro): 0.920629, recall(weighted): 0.948086, f1(macro): 0.924074, f1(weighted): 0.946981
Train 114, loss: 1.460221, acc: 0.946458, avg acc: 0.917547, prec(macro): 0.928681, prec(weighted): 0.945424, recall(macro): 0.917547, recall(weighted): 0.946458, f1(macro): 0.922114, f1(weighted): 0.945298
Train 114, loss: 5.812485, acc: 0.946458, avg acc: 0.917547, prec(macro): 0.928681, prec(weighted): 0.945424, recall(macro): 0.917547, recall(weighted): 0.946458, f1(macro): 0.922114, f1(weighted): 0.945298
Train 115, loss: 1.448921, acc: 0.952565, avg acc: 0.927698, prec(macro): 0.937454, prec(weighted): 0.951918, recall(macro): 0.927698, recall(weighted): 0.952565, f1(macro): 0.931259, f1(weighted): 0.951308
Train 115, loss: 5.767504, acc: 0.952565, avg acc: 0.927698, prec(macro): 0.937454, prec(weighted): 0.951918, recall(macro): 0.927698, recall(weighted): 0.952565, f1(macro): 0.931259, f1(weighted): 0.951308
Train 116, loss: 1.454562, acc: 0.951242, avg acc: 0.927728, prec(macro): 0.935520, prec(weighted): 0.950315, recall(macro): 0.927728, recall(weighted): 0.951242, f1(macro): 0.930966, f1(weighted): 0.950329
Train 116, loss: 5.789960, acc: 0.951242, avg acc: 0.927728, prec(macro): 0.935520, prec(weighted): 0.950315, recall(macro): 0.927728, recall(weighted): 0.951242, f1(macro): 0.930966, f1(weighted): 0.950329
Train 117, loss: 1.449567, acc: 0.955212, avg acc: 0.930860, prec(macro): 0.940551, prec(weighted): 0.954262, recall(macro): 0.930860, recall(weighted): 0.955212, f1(macro): 0.934727, f1(weighted): 0.954073
Train 117, loss: 5.770075, acc: 0.955212, avg acc: 0.930860, prec(macro): 0.940551, prec(weighted): 0.954262, recall(macro): 0.930860, recall(weighted): 0.955212, f1(macro): 0.934727, f1(weighted): 0.954073
Train 118, loss: 1.452054, acc: 0.952463, avg acc: 0.928561, prec(macro): 0.936052, prec(weighted): 0.951670, recall(macro): 0.928561, recall(weighted): 0.952463, f1(macro): 0.931641, f1(weighted): 0.951602
Train 118, loss: 5.779976, acc: 0.952463, avg acc: 0.928561, prec(macro): 0.936052, prec(weighted): 0.951670, recall(macro): 0.928561, recall(weighted): 0.952463, f1(macro): 0.931641, f1(weighted): 0.951602
Train 119, loss: 1.446401, acc: 0.955619, avg acc: 0.933487, prec(macro): 0.943304, prec(weighted): 0.955217, recall(macro): 0.933487, recall(weighted): 0.955619, f1(macro): 0.937819, f1(weighted): 0.955021
Train 119, loss: 5.757472, acc: 0.955619, avg acc: 0.933487, prec(macro): 0.943304, prec(weighted): 0.955217, recall(macro): 0.933487, recall(weighted): 0.955619, f1(macro): 0.937819, f1(weighted): 0.955021
Train 120, loss: 1.441562, acc: 0.957044, avg acc: 0.934111, prec(macro): 0.943241, prec(weighted): 0.956567, recall(macro): 0.934111, recall(weighted): 0.957044, f1(macro): 0.937919, f1(weighted): 0.956358
Train 120, loss: 5.738212, acc: 0.957044, avg acc: 0.934111, prec(macro): 0.943241, prec(weighted): 0.956567, recall(macro): 0.934111, recall(weighted): 0.957044, f1(macro): 0.937919, f1(weighted): 0.956358
Train 121, loss: 1.446108, acc: 0.953176, avg acc: 0.929105, prec(macro): 0.938938, prec(weighted): 0.952728, recall(macro): 0.929105, recall(weighted): 0.953176, f1(macro): 0.933328, f1(weighted): 0.952486
Train 121, loss: 5.756306, acc: 0.953176, avg acc: 0.929105, prec(macro): 0.938938, prec(weighted): 0.952728, recall(macro): 0.929105, recall(weighted): 0.953176, f1(macro): 0.933328, f1(weighted): 0.952486
Train 122, loss: 1.439088, acc: 0.958673, avg acc: 0.937028, prec(macro): 0.946056, prec(weighted): 0.958251, recall(macro): 0.937028, recall(weighted): 0.958673, f1(macro): 0.940658, f1(weighted): 0.957866
Train 122, loss: 5.728364, acc: 0.958673, avg acc: 0.937028, prec(macro): 0.946056, prec(weighted): 0.958251, recall(macro): 0.937028, recall(weighted): 0.958673, f1(macro): 0.940658, f1(weighted): 0.957866
Train 123, loss: 1.439033, acc: 0.957757, avg acc: 0.933499, prec(macro): 0.942656, prec(weighted): 0.957359, recall(macro): 0.933499, recall(weighted): 0.957757, f1(macro): 0.937412, f1(weighted): 0.957087
Train 123, loss: 5.728145, acc: 0.957757, avg acc: 0.933499, prec(macro): 0.942656, prec(weighted): 0.957359, recall(macro): 0.933499, recall(weighted): 0.957757, f1(macro): 0.937412, f1(weighted): 0.957087
Train 124, loss: 1.441128, acc: 0.955619, avg acc: 0.933992, prec(macro): 0.942649, prec(weighted): 0.954965, recall(macro): 0.933992, recall(weighted): 0.955619, f1(macro): 0.937438, f1(weighted): 0.954681
Train 124, loss: 5.736484, acc: 0.955619, avg acc: 0.933992, prec(macro): 0.942649, prec(weighted): 0.954965, recall(macro): 0.933992, recall(weighted): 0.955619, f1(macro): 0.937438, f1(weighted): 0.954681
Train 125, loss: 1.441136, acc: 0.953888, avg acc: 0.929276, prec(macro): 0.937820, prec(weighted): 0.953298, recall(macro): 0.929276, recall(weighted): 0.953888, f1(macro): 0.932823, f1(weighted): 0.953132
Train 125, loss: 5.736515, acc: 0.953888, avg acc: 0.929276, prec(macro): 0.937820, prec(weighted): 0.953298, recall(macro): 0.929276, recall(weighted): 0.953888, f1(macro): 0.932823, f1(weighted): 0.953132
Train 126, loss: 1.443772, acc: 0.953990, avg acc: 0.930900, prec(macro): 0.939033, prec(weighted): 0.953483, recall(macro): 0.930900, recall(weighted): 0.953990, f1(macro): 0.934414, f1(weighted): 0.953383
Train 126, loss: 5.747008, acc: 0.953990, avg acc: 0.930900, prec(macro): 0.939033, prec(weighted): 0.953483, recall(macro): 0.930900, recall(weighted): 0.953990, f1(macro): 0.934414, f1(weighted): 0.953383
Train 127, loss: 1.439698, acc: 0.955110, avg acc: 0.932227, prec(macro): 0.939102, prec(weighted): 0.954176, recall(macro): 0.932227, recall(weighted): 0.955110, f1(macro): 0.934958, f1(weighted): 0.954152
Train 127, loss: 5.730793, acc: 0.955110, avg acc: 0.932227, prec(macro): 0.939102, prec(weighted): 0.954176, recall(macro): 0.932227, recall(weighted): 0.955110, f1(macro): 0.934958, f1(weighted): 0.954152
Train 128, loss: 1.433976, acc: 0.959487, avg acc: 0.937487, prec(macro): 0.944536, prec(weighted): 0.958886, recall(macro): 0.937487, recall(weighted): 0.959487, f1(macro): 0.940387, f1(weighted): 0.958739
Train 128, loss: 5.708016, acc: 0.959487, avg acc: 0.937487, prec(macro): 0.944536, prec(weighted): 0.958886, recall(macro): 0.937487, recall(weighted): 0.959487, f1(macro): 0.940387, f1(weighted): 0.958739
Train 129, loss: 1.435282, acc: 0.956637, avg acc: 0.934379, prec(macro): 0.944229, prec(weighted): 0.955765, recall(macro): 0.934379, recall(weighted): 0.956637, f1(macro): 0.938732, f1(weighted): 0.955829
Train 129, loss: 5.713215, acc: 0.956637, avg acc: 0.934379, prec(macro): 0.944229, prec(weighted): 0.955765, recall(macro): 0.934379, recall(weighted): 0.956637, f1(macro): 0.938732, f1(weighted): 0.955829
Train 130, loss: 1.431171, acc: 0.960200, avg acc: 0.940102, prec(macro): 0.948789, prec(weighted): 0.959726, recall(macro): 0.940102, recall(weighted): 0.960200, f1(macro): 0.943594, f1(weighted): 0.959405
Train 130, loss: 5.696847, acc: 0.960200, avg acc: 0.940102, prec(macro): 0.948789, prec(weighted): 0.959726, recall(macro): 0.940102, recall(weighted): 0.960200, f1(macro): 0.943594, f1(weighted): 0.959405
Train 131, loss: 1.430574, acc: 0.958367, avg acc: 0.937316, prec(macro): 0.945389, prec(weighted): 0.957784, recall(macro): 0.937316, recall(weighted): 0.958367, f1(macro): 0.940484, f1(weighted): 0.957519
Train 131, loss: 5.694474, acc: 0.958367, avg acc: 0.937316, prec(macro): 0.945389, prec(weighted): 0.957784, recall(macro): 0.937316, recall(weighted): 0.958367, f1(macro): 0.940484, f1(weighted): 0.957519
Train 132, loss: 1.431935, acc: 0.954397, avg acc: 0.930212, prec(macro): 0.940021, prec(weighted): 0.953918, recall(macro): 0.930212, recall(weighted): 0.954397, f1(macro): 0.934245, f1(weighted): 0.953598
Train 132, loss: 5.699890, acc: 0.954397, avg acc: 0.930212, prec(macro): 0.940021, prec(weighted): 0.953918, recall(macro): 0.930212, recall(weighted): 0.954397, f1(macro): 0.934245, f1(weighted): 0.953598
Train 133, loss: 1.427812, acc: 0.961116, avg acc: 0.937324, prec(macro): 0.949542, prec(weighted): 0.960596, recall(macro): 0.937324, recall(weighted): 0.961116, f1(macro): 0.942409, f1(weighted): 0.960206
Train 133, loss: 5.683477, acc: 0.961116, avg acc: 0.937324, prec(macro): 0.949542, prec(weighted): 0.960596, recall(macro): 0.937324, recall(weighted): 0.961116, f1(macro): 0.942409, f1(weighted): 0.960206
Train 134, loss: 1.423453, acc: 0.962541, avg acc: 0.944113, prec(macro): 0.950623, prec(weighted): 0.962046, recall(macro): 0.944113, recall(weighted): 0.962541, f1(macro): 0.946806, f1(weighted): 0.961907
Train 134, loss: 5.666129, acc: 0.962541, avg acc: 0.944113, prec(macro): 0.950623, prec(weighted): 0.962046, recall(macro): 0.944113, recall(weighted): 0.962541, f1(macro): 0.946806, f1(weighted): 0.961907
Train 135, loss: 1.423895, acc: 0.963762, avg acc: 0.946318, prec(macro): 0.956051, prec(weighted): 0.963377, recall(macro): 0.946318, recall(weighted): 0.963762, f1(macro): 0.950402, f1(weighted): 0.963027
Train 135, loss: 5.667885, acc: 0.963762, avg acc: 0.946318, prec(macro): 0.956051, prec(weighted): 0.963377, recall(macro): 0.946318, recall(weighted): 0.963762, f1(macro): 0.950402, f1(weighted): 0.963027
Train 136, loss: 1.425419, acc: 0.960607, avg acc: 0.939878, prec(macro): 0.948710, prec(weighted): 0.960175, recall(macro): 0.939878, recall(weighted): 0.960607, f1(macro): 0.943642, f1(weighted): 0.959970
Train 136, loss: 5.673952, acc: 0.960607, avg acc: 0.939878, prec(macro): 0.948710, prec(weighted): 0.960175, recall(macro): 0.939878, recall(weighted): 0.960607, f1(macro): 0.943642, f1(weighted): 0.959970
Train 137, loss: 1.422521, acc: 0.963355, avg acc: 0.944282, prec(macro): 0.950284, prec(weighted): 0.962937, recall(macro): 0.944282, recall(weighted): 0.963355, f1(macro): 0.946548, f1(weighted): 0.962683
Train 137, loss: 5.662419, acc: 0.963355, avg acc: 0.944282, prec(macro): 0.950284, prec(weighted): 0.962937, recall(macro): 0.944282, recall(weighted): 0.963355, f1(macro): 0.946548, f1(weighted): 0.962683
Train 138, loss: 1.415974, acc: 0.964577, avg acc: 0.948505, prec(macro): 0.953474, prec(weighted): 0.964475, recall(macro): 0.948505, recall(weighted): 0.964577, f1(macro): 0.950270, f1(weighted): 0.964039
Train 138, loss: 5.636357, acc: 0.964577, avg acc: 0.948505, prec(macro): 0.953474, prec(weighted): 0.964475, recall(macro): 0.948505, recall(weighted): 0.964577, f1(macro): 0.950270, f1(weighted): 0.964039
Train 139, loss: 1.420387, acc: 0.962439, avg acc: 0.941486, prec(macro): 0.950323, prec(weighted): 0.961807, recall(macro): 0.941486, recall(weighted): 0.962439, f1(macro): 0.945391, f1(weighted): 0.961778
Train 139, loss: 5.653922, acc: 0.962439, avg acc: 0.941486, prec(macro): 0.950323, prec(weighted): 0.961807, recall(macro): 0.941486, recall(weighted): 0.962439, f1(macro): 0.945391, f1(weighted): 0.961778
Train 140, loss: 1.414811, acc: 0.967121, avg acc: 0.949309, prec(macro): 0.957351, prec(weighted): 0.966850, recall(macro): 0.949309, recall(weighted): 0.967121, f1(macro): 0.952754, f1(weighted): 0.966586
Train 140, loss: 5.631729, acc: 0.967121, avg acc: 0.949309, prec(macro): 0.957351, prec(weighted): 0.966850, recall(macro): 0.949309, recall(weighted): 0.967121, f1(macro): 0.952754, f1(weighted): 0.966586
Train 141, loss: 1.415638, acc: 0.964169, avg acc: 0.945191, prec(macro): 0.955027, prec(weighted): 0.963811, recall(macro): 0.945191, recall(weighted): 0.964169, f1(macro): 0.949596, f1(weighted): 0.963636
Train 141, loss: 5.635018, acc: 0.964169, avg acc: 0.945191, prec(macro): 0.955027, prec(weighted): 0.963811, recall(macro): 0.945191, recall(weighted): 0.964169, f1(macro): 0.949596, f1(weighted): 0.963636
Train 142, loss: 1.413715, acc: 0.965900, avg acc: 0.948397, prec(macro): 0.953874, prec(weighted): 0.965352, recall(macro): 0.948397, recall(weighted): 0.965900, f1(macro): 0.950781, f1(weighted): 0.965405
Train 142, loss: 5.627365, acc: 0.965900, avg acc: 0.948397, prec(macro): 0.953874, prec(weighted): 0.965352, recall(macro): 0.948397, recall(weighted): 0.965900, f1(macro): 0.950781, f1(weighted): 0.965405
Train 143, loss: 1.412990, acc: 0.966511, avg acc: 0.949268, prec(macro): 0.956845, prec(weighted): 0.966251, recall(macro): 0.949268, recall(weighted): 0.966511, f1(macro): 0.952409, f1(weighted): 0.965945
Train 143, loss: 5.624479, acc: 0.966511, avg acc: 0.949268, prec(macro): 0.956845, prec(weighted): 0.966251, recall(macro): 0.949268, recall(weighted): 0.966511, f1(macro): 0.952409, f1(weighted): 0.965945
Train 144, loss: 1.410480, acc: 0.966307, avg acc: 0.948107, prec(macro): 0.956108, prec(weighted): 0.965929, recall(macro): 0.948107, recall(weighted): 0.966307, f1(macro): 0.951513, f1(weighted): 0.965714
Train 144, loss: 5.614487, acc: 0.966307, avg acc: 0.948107, prec(macro): 0.956108, prec(weighted): 0.965929, recall(macro): 0.948107, recall(weighted): 0.966307, f1(macro): 0.951513, f1(weighted): 0.965714
Train 145, loss: 1.409782, acc: 0.968139, avg acc: 0.952334, prec(macro): 0.959062, prec(weighted): 0.967729, recall(macro): 0.952334, recall(weighted): 0.968139, f1(macro): 0.955335, f1(weighted): 0.967714
Train 145, loss: 5.611709, acc: 0.968139, avg acc: 0.952334, prec(macro): 0.959062, prec(weighted): 0.967729, recall(macro): 0.952334, recall(weighted): 0.968139, f1(macro): 0.955335, f1(weighted): 0.967714
Train 146, loss: 1.403067, acc: 0.968954, avg acc: 0.952441, prec(macro): 0.959237, prec(weighted): 0.968584, recall(macro): 0.952441, recall(weighted): 0.968954, f1(macro): 0.955466, f1(weighted): 0.968517
Train 146, loss: 5.584980, acc: 0.968954, avg acc: 0.952441, prec(macro): 0.959237, prec(weighted): 0.968584, recall(macro): 0.952441, recall(weighted): 0.968954, f1(macro): 0.955466, f1(weighted): 0.968517
Train 147, loss: 1.406344, acc: 0.968648, avg acc: 0.951013, prec(macro): 0.958745, prec(weighted): 0.968241, recall(macro): 0.951013, recall(weighted): 0.968648, f1(macro): 0.954421, f1(weighted): 0.968124
Train 147, loss: 5.598023, acc: 0.968648, avg acc: 0.951013, prec(macro): 0.958745, prec(weighted): 0.968241, recall(macro): 0.951013, recall(weighted): 0.968648, f1(macro): 0.954421, f1(weighted): 0.968124
Train 148, loss: 1.406442, acc: 0.968343, avg acc: 0.951085, prec(macro): 0.959875, prec(weighted): 0.967822, recall(macro): 0.951085, recall(weighted): 0.968343, f1(macro): 0.954916, f1(weighted): 0.967710
Train 148, loss: 5.598416, acc: 0.968343, avg acc: 0.951085, prec(macro): 0.959875, prec(weighted): 0.967822, recall(macro): 0.951085, recall(weighted): 0.968343, f1(macro): 0.954916, f1(weighted): 0.967710
Train 149, loss: 1.406571, acc: 0.968241, avg acc: 0.948873, prec(macro): 0.959689, prec(weighted): 0.968017, recall(macro): 0.948873, recall(weighted): 0.968241, f1(macro): 0.953584, f1(weighted): 0.967733
Train 149, loss: 5.598928, acc: 0.968241, avg acc: 0.948873, prec(macro): 0.959689, prec(weighted): 0.968017, recall(macro): 0.948873, recall(weighted): 0.968241, f1(macro): 0.953584, f1(weighted): 0.967733
Train 150, loss: 1.403150, acc: 0.970379, avg acc: 0.954685, prec(macro): 0.962868, prec(weighted): 0.970159, recall(macro): 0.954685, recall(weighted): 0.970379, f1(macro): 0.958456, f1(weighted): 0.970054
Train 150, loss: 5.585308, acc: 0.970379, avg acc: 0.954685, prec(macro): 0.962868, prec(weighted): 0.970159, recall(macro): 0.954685, recall(weighted): 0.970379, f1(macro): 0.958456, f1(weighted): 0.970054
Train 151, loss: 1.406764, acc: 0.967630, avg acc: 0.951358, prec(macro): 0.958793, prec(weighted): 0.967335, recall(macro): 0.951358, recall(weighted): 0.967630, f1(macro): 0.954717, f1(weighted): 0.967239
Train 151, loss: 5.599698, acc: 0.967630, avg acc: 0.951358, prec(macro): 0.958793, prec(weighted): 0.967335, recall(macro): 0.951358, recall(weighted): 0.967630, f1(macro): 0.954717, f1(weighted): 0.967239
Train 152, loss: 1.400969, acc: 0.971906, avg acc: 0.956263, prec(macro): 0.963466, prec(weighted): 0.971696, recall(macro): 0.956263, recall(weighted): 0.971906, f1(macro): 0.959312, f1(weighted): 0.971419
Train 152, loss: 5.576630, acc: 0.971906, avg acc: 0.956263, prec(macro): 0.963466, prec(weighted): 0.971696, recall(macro): 0.956263, recall(weighted): 0.971906, f1(macro): 0.959312, f1(weighted): 0.971419
Train 153, loss: 1.397523, acc: 0.971804, avg acc: 0.956352, prec(macro): 0.962709, prec(weighted): 0.971625, recall(macro): 0.956352, recall(weighted): 0.971804, f1(macro): 0.959054, f1(weighted): 0.971385
Train 153, loss: 5.562911, acc: 0.971804, avg acc: 0.956352, prec(macro): 0.962709, prec(weighted): 0.971625, recall(macro): 0.956352, recall(weighted): 0.971804, f1(macro): 0.959054, f1(weighted): 0.971385
Train 154, loss: 1.392626, acc: 0.971804, avg acc: 0.956196, prec(macro): 0.963003, prec(weighted): 0.971570, recall(macro): 0.956196, recall(weighted): 0.971804, f1(macro): 0.959213, f1(weighted): 0.971421
Train 154, loss: 5.543420, acc: 0.971804, avg acc: 0.956196, prec(macro): 0.963003, prec(weighted): 0.971570, recall(macro): 0.956196, recall(weighted): 0.971804, f1(macro): 0.959213, f1(weighted): 0.971421
Train 155, loss: 1.392764, acc: 0.972618, avg acc: 0.957303, prec(macro): 0.965328, prec(weighted): 0.972544, recall(macro): 0.957303, recall(weighted): 0.972618, f1(macro): 0.960696, f1(weighted): 0.972173
Train 155, loss: 5.543970, acc: 0.972618, avg acc: 0.957303, prec(macro): 0.965328, prec(weighted): 0.972544, recall(macro): 0.957303, recall(weighted): 0.972618, f1(macro): 0.960696, f1(weighted): 0.972173
Train 156, loss: 1.389192, acc: 0.975265, avg acc: 0.961515, prec(macro): 0.967051, prec(weighted): 0.975000, recall(macro): 0.961515, recall(weighted): 0.975265, f1(macro): 0.963976, f1(weighted): 0.974934
Train 156, loss: 5.529749, acc: 0.975265, avg acc: 0.961515, prec(macro): 0.967051, prec(weighted): 0.975000, recall(macro): 0.961515, recall(weighted): 0.975265, f1(macro): 0.963976, f1(weighted): 0.974934
Train 157, loss: 1.391000, acc: 0.973738, avg acc: 0.957586, prec(macro): 0.964761, prec(weighted): 0.973501, recall(macro): 0.957586, recall(weighted): 0.973738, f1(macro): 0.960528, f1(weighted): 0.973198
Train 157, loss: 5.536945, acc: 0.973738, avg acc: 0.957586, prec(macro): 0.964761, prec(weighted): 0.973501, recall(macro): 0.957586, recall(weighted): 0.973738, f1(macro): 0.960528, f1(weighted): 0.973198
Train 158, loss: 1.388689, acc: 0.974349, avg acc: 0.961500, prec(macro): 0.964173, prec(weighted): 0.974135, recall(macro): 0.961500, recall(weighted): 0.974349, f1(macro): 0.962635, f1(weighted): 0.974100
Train 158, loss: 5.527746, acc: 0.974349, avg acc: 0.961500, prec(macro): 0.964173, prec(weighted): 0.974135, recall(macro): 0.961500, recall(weighted): 0.974349, f1(macro): 0.962635, f1(weighted): 0.974100
Train 159, loss: 1.388179, acc: 0.974654, avg acc: 0.961470, prec(macro): 0.966711, prec(weighted): 0.974447, recall(macro): 0.961470, recall(weighted): 0.974654, f1(macro): 0.963698, f1(weighted): 0.974318
Train 159, loss: 5.525716, acc: 0.974654, avg acc: 0.961470, prec(macro): 0.966711, prec(weighted): 0.974447, recall(macro): 0.961470, recall(weighted): 0.974654, f1(macro): 0.963698, f1(weighted): 0.974318
Train 160, loss: 1.391611, acc: 0.975366, avg acc: 0.964317, prec(macro): 0.969953, prec(weighted): 0.975289, recall(macro): 0.964317, recall(weighted): 0.975366, f1(macro): 0.966728, f1(weighted): 0.975060
Train 160, loss: 5.539379, acc: 0.975366, avg acc: 0.964317, prec(macro): 0.969953, prec(weighted): 0.975289, recall(macro): 0.964317, recall(weighted): 0.975366, f1(macro): 0.966728, f1(weighted): 0.975060
Train 161, loss: 1.389883, acc: 0.975163, avg acc: 0.962342, prec(macro): 0.968450, prec(weighted): 0.975014, recall(macro): 0.962342, recall(weighted): 0.975163, f1(macro): 0.964860, f1(weighted): 0.974733
Train 161, loss: 5.532502, acc: 0.975163, avg acc: 0.962342, prec(macro): 0.968450, prec(weighted): 0.975014, recall(macro): 0.962342, recall(weighted): 0.975163, f1(macro): 0.964860, f1(weighted): 0.974733
